<?xml version="1.0" encoding="UTF-8"?>
<!-- Generated by org.testng.reporters.JUnitXMLReporter -->
<testsuite ignored="0" hostname="Praveen-PC" failures="0" tests="2" name="Default test" time="32.213" errors="0" timestamp="2024-02-24T16:52:04 IST">
  <testcase classname="shoppingFramework.ShoppingApplicationJsonData" name="processApplication" time="10.892"/>
  <testcase classname="shoppingFramework.ShoppingApplicationJsonData" name="processApplication" time="5.266"/>
</testsuite> <!-- Default test -->
