<?xml version="1.0" encoding="UTF-8"?>
<testng-results ignored="0" total="4" passed="4" failed="0" skipped="0">
  <reporter-output>
  </reporter-output>
  <suite started-at="2024-02-15T15:49:02 IST" name="Suite" finished-at="2024-02-15T15:49:51 IST" duration-ms="49679">
    <groups>
    </groups>
    <test started-at="2024-02-15T15:49:02 IST" name="Errors" finished-at="2024-02-15T15:49:29 IST" duration-ms="27236">
      <class name="shoppingFramework.ShoppingErrorValidations">
        <test-method is-config="true" signature="getApplication()[pri:0, instance:shoppingFramework.ShoppingErrorValidations@c05fddc]" started-at="2024-02-15T15:49:02 IST" name="getApplication" finished-at="2024-02-15T15:49:14 IST" duration-ms="11946" status="PASS">
          <reporter-output>
          </reporter-output>
        </test-method> <!-- getApplication -->
        <test-method signature="errorValidation(java.lang.String,java.lang.String)[pri:0, instance:shoppingFramework.ShoppingErrorValidations@c05fddc]" started-at="2024-02-15T15:49:14 IST" name="errorValidation" data-provider="getData" finished-at="2024-02-15T15:49:18 IST" duration-ms="4043" status="PASS">
          <params>
            <param index="0">
              <value>
                <![CDATA[praveenvydani@gmail.com]]>
              </value>
            </param>
            <param index="1">
              <value>
                <![CDATA[Pravee]]>
              </value>
            </param>
          </params>
          <reporter-output>
          </reporter-output>
        </test-method> <!-- errorValidation -->
        <test-method is-config="true" signature="closeBrowse()[pri:0, instance:shoppingFramework.ShoppingErrorValidations@c05fddc]" started-at="2024-02-15T15:49:18 IST" name="closeBrowse" finished-at="2024-02-15T15:49:19 IST" duration-ms="1350" status="PASS">
          <reporter-output>
          </reporter-output>
        </test-method> <!-- closeBrowse -->
        <test-method is-config="true" signature="getApplication()[pri:0, instance:shoppingFramework.ShoppingErrorValidations@c05fddc]" started-at="2024-02-15T15:49:19 IST" name="getApplication" finished-at="2024-02-15T15:49:27 IST" duration-ms="7656" status="PASS">
          <reporter-output>
          </reporter-output>
        </test-method> <!-- getApplication -->
        <test-method signature="errorValidation(java.lang.String,java.lang.String)[pri:0, instance:shoppingFramework.ShoppingErrorValidations@c05fddc]" started-at="2024-02-15T15:49:27 IST" name="errorValidation" data-provider="getData" finished-at="2024-02-15T15:49:28 IST" duration-ms="908" status="PASS">
          <params>
            <param index="0">
              <value>
                <![CDATA[vydanipraveen@gmail.com]]>
              </value>
            </param>
            <param index="1">
              <value>
                <![CDATA[Prave]]>
              </value>
            </param>
          </params>
          <reporter-output>
          </reporter-output>
        </test-method> <!-- errorValidation -->
        <test-method is-config="true" signature="closeBrowse()[pri:0, instance:shoppingFramework.ShoppingErrorValidations@c05fddc]" started-at="2024-02-15T15:49:28 IST" name="closeBrowse" finished-at="2024-02-15T15:49:29 IST" duration-ms="1200" status="PASS">
          <reporter-output>
          </reporter-output>
        </test-method> <!-- closeBrowse -->
      </class> <!-- shoppingFramework.ShoppingErrorValidations -->
    </test> <!-- Errors -->
    <test started-at="2024-02-15T15:49:02 IST" name="Test" finished-at="2024-02-15T15:49:51 IST" duration-ms="49679">
      <class name="shoppingFramework.ShoppingApplicationJsonData">
        <test-method is-config="true" signature="getApplication()[pri:0, instance:shoppingFramework.ShoppingApplicationJsonData@59402b8f]" started-at="2024-02-15T15:49:03 IST" name="getApplication" finished-at="2024-02-15T15:49:15 IST" duration-ms="12626" status="PASS">
          <reporter-output>
          </reporter-output>
        </test-method> <!-- getApplication -->
        <test-method signature="processApplication(java.util.HashMap)[pri:0, instance:shoppingFramework.ShoppingApplicationJsonData@59402b8f]" started-at="2024-02-15T15:49:15 IST" name="processApplication" data-provider="getData" finished-at="2024-02-15T15:49:30 IST" duration-ms="14587" status="PASS">
          <params>
            <param index="0">
              <value>
                <![CDATA[{mail=praveenvydani@gmail.com, pass=Praveen@29, product=IPHONE 13 PRO}]]>
              </value>
            </param>
          </params>
          <reporter-output>
          </reporter-output>
        </test-method> <!-- processApplication -->
        <test-method is-config="true" signature="closeBrowse()[pri:0, instance:shoppingFramework.ShoppingApplicationJsonData@59402b8f]" started-at="2024-02-15T15:49:30 IST" name="closeBrowse" finished-at="2024-02-15T15:49:31 IST" duration-ms="1179" status="PASS">
          <reporter-output>
          </reporter-output>
        </test-method> <!-- closeBrowse -->
        <test-method is-config="true" signature="getApplication()[pri:0, instance:shoppingFramework.ShoppingApplicationJsonData@59402b8f]" started-at="2024-02-15T15:49:31 IST" name="getApplication" finished-at="2024-02-15T15:49:39 IST" duration-ms="7663" status="PASS">
          <reporter-output>
          </reporter-output>
        </test-method> <!-- getApplication -->
        <test-method signature="processApplication(java.util.HashMap)[pri:0, instance:shoppingFramework.ShoppingApplicationJsonData@59402b8f]" started-at="2024-02-15T15:49:39 IST" name="processApplication" data-provider="getData" finished-at="2024-02-15T15:49:51 IST" duration-ms="12437" status="PASS">
          <params>
            <param index="0">
              <value>
                <![CDATA[{mail=vydanipraveen@gmail.com, pass=Praveen@29, product=ZARA COAT 3}]]>
              </value>
            </param>
          </params>
          <reporter-output>
          </reporter-output>
        </test-method> <!-- processApplication -->
        <test-method is-config="true" signature="closeBrowse()[pri:0, instance:shoppingFramework.ShoppingApplicationJsonData@59402b8f]" started-at="2024-02-15T15:49:51 IST" name="closeBrowse" finished-at="2024-02-15T15:49:51 IST" duration-ms="360" status="PASS">
          <reporter-output>
          </reporter-output>
        </test-method> <!-- closeBrowse -->
      </class> <!-- shoppingFramework.ShoppingApplicationJsonData -->
    </test> <!-- Test -->
  </suite> <!-- Suite -->
</testng-results>
