<?xml version="1.0" encoding="UTF-8"?>
<testng-results ignored="0" total="2" passed="2" failed="0" skipped="0">
  <reporter-output>
  </reporter-output>
  <suite started-at="2024-02-24T16:51:32 IST" name="Default suite" finished-at="2024-02-24T16:52:04 IST" duration-ms="32213">
    <groups>
    </groups>
    <test started-at="2024-02-24T16:51:32 IST" name="Default test" finished-at="2024-02-24T16:52:04 IST" duration-ms="32213">
      <class name="shoppingFramework.ShoppingApplicationJsonData">
        <test-method is-config="true" signature="getApplication()[pri:0, instance:shoppingFramework.ShoppingApplicationJsonData@77888435]" started-at="2024-02-24T16:51:33 IST" name="getApplication" finished-at="2024-02-24T16:51:43 IST" duration-ms="10539" status="PASS">
          <reporter-output>
          </reporter-output>
        </test-method> <!-- getApplication -->
        <test-method signature="processApplication(java.util.HashMap)[pri:0, instance:shoppingFramework.ShoppingApplicationJsonData@77888435]" started-at="2024-02-24T16:51:43 IST" name="processApplication" data-provider="getData" finished-at="2024-02-24T16:51:54 IST" duration-ms="10892" status="PASS">
          <params>
            <param index="0">
              <value>
                <![CDATA[{mail=praveenvydani@gmail.com, pass=Praveen@29, product=IPHONE 13 PRO}]]>
              </value>
            </param>
          </params>
          <reporter-output>
          </reporter-output>
        </test-method> <!-- processApplication -->
        <test-method is-config="true" signature="closeBrowse()[pri:0, instance:shoppingFramework.ShoppingApplicationJsonData@77888435]" started-at="2024-02-24T16:51:54 IST" name="closeBrowse" finished-at="2024-02-24T16:51:54 IST" duration-ms="382" status="PASS">
          <reporter-output>
          </reporter-output>
        </test-method> <!-- closeBrowse -->
        <test-method is-config="true" signature="getApplication()[pri:0, instance:shoppingFramework.ShoppingApplicationJsonData@77888435]" started-at="2024-02-24T16:51:54 IST" name="getApplication" finished-at="2024-02-24T16:51:59 IST" duration-ms="4260" status="PASS">
          <reporter-output>
          </reporter-output>
        </test-method> <!-- getApplication -->
        <test-method signature="processApplication(java.util.HashMap)[pri:0, instance:shoppingFramework.ShoppingApplicationJsonData@77888435]" started-at="2024-02-24T16:51:59 IST" name="processApplication" data-provider="getData" finished-at="2024-02-24T16:52:04 IST" duration-ms="5266" status="PASS">
          <params>
            <param index="0">
              <value>
                <![CDATA[{mail=vydanipraveen@gmail.com, pass=Praveen@29, product=ZARA COAT 3}]]>
              </value>
            </param>
          </params>
          <reporter-output>
          </reporter-output>
        </test-method> <!-- processApplication -->
        <test-method is-config="true" signature="closeBrowse()[pri:0, instance:shoppingFramework.ShoppingApplicationJsonData@77888435]" started-at="2024-02-24T16:52:04 IST" name="closeBrowse" finished-at="2024-02-24T16:52:04 IST" duration-ms="309" status="PASS">
          <reporter-output>
          </reporter-output>
        </test-method> <!-- closeBrowse -->
      </class> <!-- shoppingFramework.ShoppingApplicationJsonData -->
    </test> <!-- Default test -->
  </suite> <!-- Default suite -->
</testng-results>
