<?xml version="1.0" encoding="UTF-8"?>
<testng-results ignored="0" total="2" passed="2" failed="0" skipped="0">
  <reporter-output>
  </reporter-output>
  <suite started-at="2024-02-24T16:58:29 IST" name="Default suite" finished-at="2024-02-24T16:58:40 IST" duration-ms="10771">
    <groups>
    </groups>
    <test started-at="2024-02-24T16:58:29 IST" name="Default test" finished-at="2024-02-24T16:58:40 IST" duration-ms="10771">
      <class name="shoppingFramework.ShoppingErrorValidations">
        <test-method is-config="true" signature="getApplication()[pri:0, instance:shoppingFramework.ShoppingErrorValidations@77888435]" started-at="2024-02-24T16:58:29 IST" name="getApplication" finished-at="2024-02-24T16:58:34 IST" duration-ms="5363" status="PASS">
          <reporter-output>
          </reporter-output>
        </test-method> <!-- getApplication -->
        <test-method signature="errorValidation(java.lang.String,java.lang.String)[pri:0, instance:shoppingFramework.ShoppingErrorValidations@77888435]" started-at="2024-02-24T16:58:34 IST" name="errorValidation" data-provider="getData" finished-at="2024-02-24T16:58:35 IST" duration-ms="836" status="PASS">
          <params>
            <param index="0">
              <value>
                <![CDATA[praveenvydani@gmail.com]]>
              </value>
            </param>
            <param index="1">
              <value>
                <![CDATA[Pravee]]>
              </value>
            </param>
          </params>
          <reporter-output>
          </reporter-output>
        </test-method> <!-- errorValidation -->
        <test-method is-config="true" signature="closeBrowse()[pri:0, instance:shoppingFramework.ShoppingErrorValidations@77888435]" started-at="2024-02-24T16:58:35 IST" name="closeBrowse" finished-at="2024-02-24T16:58:35 IST" duration-ms="315" status="PASS">
          <reporter-output>
          </reporter-output>
        </test-method> <!-- closeBrowse -->
        <test-method is-config="true" signature="getApplication()[pri:0, instance:shoppingFramework.ShoppingErrorValidations@77888435]" started-at="2024-02-24T16:58:35 IST" name="getApplication" finished-at="2024-02-24T16:58:38 IST" duration-ms="2872" status="PASS">
          <reporter-output>
          </reporter-output>
        </test-method> <!-- getApplication -->
        <test-method signature="errorValidation(java.lang.String,java.lang.String)[pri:0, instance:shoppingFramework.ShoppingErrorValidations@77888435]" started-at="2024-02-24T16:58:38 IST" name="errorValidation" data-provider="getData" finished-at="2024-02-24T16:58:39 IST" duration-ms="989" status="PASS">
          <params>
            <param index="0">
              <value>
                <![CDATA[vydanipraveen@gmail.com]]>
              </value>
            </param>
            <param index="1">
              <value>
                <![CDATA[Prave]]>
              </value>
            </param>
          </params>
          <reporter-output>
          </reporter-output>
        </test-method> <!-- errorValidation -->
        <test-method is-config="true" signature="closeBrowse()[pri:0, instance:shoppingFramework.ShoppingErrorValidations@77888435]" started-at="2024-02-24T16:58:39 IST" name="closeBrowse" finished-at="2024-02-24T16:58:40 IST" duration-ms="315" status="PASS">
          <reporter-output>
          </reporter-output>
        </test-method> <!-- closeBrowse -->
      </class> <!-- shoppingFramework.ShoppingErrorValidations -->
    </test> <!-- Default test -->
  </suite> <!-- Default suite -->
</testng-results>
